<?xml version="1.0" encoding="UTF-8"?>
<!-- Generated by org.testng.reporters.JUnitReportReporter -->
<testsuite hostname="jochandu" failures="0" tests="4" name="practise2.OnlineOrderE2E" time="62.131" errors="0" timestamp="2021-07-29T08:38:45 BST" skipped="0">
  <testcase classname="practise2.OnlineOrderE2E" name="OnlineOrdere2e" time="30.710"/>
  <system-out/>
  <testcase classname="practise2.OnlineOrderE2E" name="signin" time="3.559"/>
  <system-out/>
  <testcase classname="practise2.OnlineOrderE2E" name="Addressdetails" time="25.718"/>
  <system-out/>
  <testcase classname="practise2.OnlineOrderE2E" name="contactus" time="2.144"/>
  <system-out/>
</testsuite> <!-- practise2.OnlineOrderE2E -->
